
T33328 1256:947 SEGGER J-Link V5.12 Log File (0001ms, 0406ms total)
T33328 1256:947 DLL Compiled: Mar 30 2016 17:28:31 (0001ms, 0406ms total)
T33328 1256:947 Logging started @ 2017-06-29 18:46 (0001ms, 0406ms total)
T33824 1257:499 JLINK_EMU_GetList(InterfaceMask = 0x00000001, MaxInfos = 0x00000032) [0]: USB, S/N: 29425026  returns 0x01 (0001ms, 0407ms total)
T33328 1258:786 JLINK_ExecCommand("Device = AT91SAM3X8E", ...)Device "ATSAM3X8E" selected.  returns 0x00 (0004ms, 0411ms total)
T33824 1258:815 JLINK_EMU_GetList(InterfaceMask = 0x00000001, MaxInfos = 0x00000032) [0]: USB, S/N: 29425026  returns 0x01 (0001ms, 0412ms total)
T33328 1258:843 JLINK_ExecCommand("ProjectFile = D:\GITHUB\Renalyx-Treat\Renalyx_DM1\CPU3\jlink.config", ...)  returns 0x00 (0002ms, 0414ms total)
T33824 1260:132 JLINK_EMU_GetList(InterfaceMask = 0x00000001, MaxInfos = 0x00000032) [0]: USB, S/N: 29425026  returns 0x01 (0001ms, 0415ms total)
T33328 1260:537 JLINK_ExecCommand("Device = AT91SAM3X8E", ...)Device "ATSAM3X8E" selected.  returns 0x00 (0002ms, 0417ms total)
T33328 1260:539 JLINK_TIF_Select(JLINKARM_TIF_JTAG)  returns 0x00 (0001ms, 0418ms total)
T33328 1260:540 JLINK_GetIdData(...) >0x2F8 JTAG>TotalIRLen = 4, IRPrint = 0x01 >0x30 JTAG> >0x210 JTAG> >0x70 JTAG> >0x48 JTAG> >0x40 JTAG> >0x48 JTAG> >0x78 JTAG> >0x40 JTAG> >0x30 JTAG> >0x40 JTAG> >0x40 JTAG> >0x30 JTAG> >0x40 JTAG> >0x48 JTAG>Found Cortex-M3 r2p0, Little endian. -- CPU_ReadMem(4 bytes @ 0xE000EDF0) -- CPU_WriteMem(4 bytes @ 0xE000EDF0) -- CPU_ReadMem(4 bytes @ 0xE0002000)FPUnit: 6 code (BP) slots and 2 literal slots -- CPU_ReadMem(4 bytes @ 0xE000EDFC)
 -- CPU_WriteMem(4 bytes @ 0xE000EDFC) -- CPU_ReadMem(4 bytes @ 0xE0001000) -- CPU_WriteMem(4 bytes @ 0xE0001000) -- CPU_ReadMem(4 bytes @ 0xE000ED88) -- CPU_WriteMem(4 bytes @ 0xE000ED88) -- CPU_ReadMem(4 bytes @ 0xE000ED88) -- CPU_WriteMem(4 bytes @ 0xE000ED88)CoreSight components:ROMTbl 0 @ E00FF000 -- CPU_ReadMem(16 bytes @ 0xE00FF000) -- CPU_ReadMem(16 bytes @ 0xE000EFF0) -- CPU_ReadMem(16 bytes @ 0xE000EFE0)ROMTbl 0 [0]: FFF0F000, CID: B105E00D, PID: 002BB000 SCS
 -- CPU_ReadMem(16 bytes @ 0xE0001FF0) -- CPU_ReadMem(16 bytes @ 0xE0001FE0)ROMTbl 0 [1]: FFF02000, CID: B105E00D, PID: 002BB002 DWT -- CPU_ReadMem(16 bytes @ 0xE0002FF0) -- CPU_ReadMem(16 bytes @ 0xE0002FE0)ROMTbl 0 [2]: FFF03000, CID: B105E00D, PID: 002BB003 FPB -- CPU_ReadMem(16 bytes @ 0xE0000FF0) -- CPU_ReadMem(16 bytes @ 0xE0000FE0)ROMTbl 0 [3]: FFF01000, CID: B105E00D, PID: 002BB001 ITM -- CPU_ReadMem(16 bytes @ 0xE00FF010) -- CPU_ReadMem(16 bytes @ 0xE0040FF0)
 -- CPU_ReadMem(16 bytes @ 0xE0040FE0)ROMTbl 0 [4]: FFF41000, CID: B105900D, PID: 002BB923 TPIU-Lite ScanLen=4 NumDevices=1 aId[0]=0x4BA00477 aIrRead[0]=0 aScanLen[0]=0 aScanRead[0]=0 (0029ms, 0447ms total)
T33328 1260:569 JLINK_ConfigJTAG(IRPre = 0, DRPre = 0) (0000ms, 0447ms total)
T33328 1260:569 JLINK_SetSpeed(4000) (0000ms, 0447ms total)
T33328 1260:569 JLINK_ResetPullsRESET(OFF) (0000ms, 0447ms total)
T33328 1260:569 JLINK_Connect() >0x2F8 JTAG>TotalIRLen = 4, IRPrint = 0x01 >0x30 JTAG> >0x210 JTAG> >0x70 JTAG> >0x48 JTAG> >0x40 JTAG> >0x48 JTAG> >0x78 JTAG> >0x40 JTAG> >0x30 JTAG> >0x40 JTAG> >0x40 JTAG> >0x30 JTAG> >0x40 JTAG> >0x48 JTAG>Found Cortex-M3 r2p0, Little endian. -- CPU_ReadMem(4 bytes @ 0xE000EDF0) -- CPU_ReadMem(4 bytes @ 0xE0002000)FPUnit: 6 code (BP) slots and 2 literal slots -- CPU_ReadMem(4 bytes @ 0xE000EDFC) -- CPU_ReadMem(4 bytes @ 0xE0001000)
 -- CPU_WriteMem(4 bytes @ 0xE0001000) -- CPU_ReadMem(4 bytes @ 0xE000ED88) -- CPU_WriteMem(4 bytes @ 0xE000ED88) -- CPU_ReadMem(4 bytes @ 0xE000ED88) -- CPU_WriteMem(4 bytes @ 0xE000ED88)CoreSight components:ROMTbl 0 @ E00FF000 -- CPU_ReadMem(16 bytes @ 0xE00FF000) -- CPU_ReadMem(16 bytes @ 0xE000EFF0) -- CPU_ReadMem(16 bytes @ 0xE000EFE0)ROMTbl 0 [0]: FFF0F000, CID: B105E00D, PID: 002BB000 SCS -- CPU_ReadMem(16 bytes @ 0xE0001FF0) -- CPU_ReadMem(16 bytes @ 0xE0001FE0)
ROMTbl 0 [1]: FFF02000, CID: B105E00D, PID: 002BB002 DWT -- CPU_ReadMem(16 bytes @ 0xE0002FF0) -- CPU_ReadMem(16 bytes @ 0xE0002FE0)ROMTbl 0 [2]: FFF03000, CID: B105E00D, PID: 002BB003 FPB -- CPU_ReadMem(16 bytes @ 0xE0000FF0) -- CPU_ReadMem(16 bytes @ 0xE0000FE0)ROMTbl 0 [3]: FFF01000, CID: B105E00D, PID: 002BB001 ITM -- CPU_ReadMem(16 bytes @ 0xE00FF010) -- CPU_ReadMem(16 bytes @ 0xE0040FF0) -- CPU_ReadMem(16 bytes @ 0xE0040FE0)ROMTbl 0 [4]: FFF41000, CID: B105900D, PID: 002BB923 TPIU-Lite
  returns 0x00 (0011ms, 0458ms total)
T33328 1260:580 JLINK_Halt()  returns 0x00 (0002ms, 0460ms total)
T33328 1260:582 JLINK_WriteMem(0x400E0A04, 0x0004 Bytes, ...) - Data: 0B 01 00 5A -- CPU_WriteMem(4 bytes @ 0x400E0A04)  returns 0x04 (0000ms, 0460ms total)
T33328 1260:582 JLINK_ReadMem (0x400E0A08, 0x0004 Bytes, ...) -- CPU_ReadMem(4 bytes @ 0x400E0A08) - Data: 01 00 00 00  returns 0x00 (0000ms, 0460ms total)
T33328 1260:582 JLINK_WriteMem(0x400E0A04, 0x0004 Bytes, ...) - Data: 0C 02 00 5A -- CPU_WriteMem(4 bytes @ 0x400E0A04)  returns 0x04 (0001ms, 0461ms total)
T33328 1260:583 JLINK_ReadMem (0x400E0A08, 0x0004 Bytes, ...) -- CPU_ReadMem(4 bytes @ 0x400E0A08) - Data: 01 00 00 00  returns 0x00 (0000ms, 0461ms total)
T33328 1260:583 JLINK_Reset() -- CPU_ReadMem(16 bytes @ 0x20000000) -- CPU_WriteMem(16 bytes @ 0x20000000) -- CPU_ReadMem(4 bytes @ 0xE000EDFC) -- CPU_WriteMem(4 bytes @ 0xE000EDFC) -- CPU_ReadMem(4 bytes @ 0xE0001000)AT91SAM3 / AT91SAM4 reset: Core did not halt after reset. Halting core... -- CPU_WriteMem(4 bytes @ 0xE000ED0C) -- CPU_ReadMem(4 bytes @ 0xE000EDF0) -- CPU_ReadMem(4 bytes @ 0xE000EDF0) -- CPU_WriteMem(4 bytes @ 0xE000EDFC) -- CPU_WriteMem(16 bytes @ 0x20000000)
 -- CPU_WriteMem(4 bytes @ 0xE0002000) -- CPU_ReadMem(4 bytes @ 0xE000EDFC) -- CPU_ReadMem(4 bytes @ 0xE0001000) (0222ms, 0683ms total)
T33328 1260:807 JLINK_JTAG_GetDeviceID(DeviceIndex = 0)  returns 0x4BA00477 (0000ms, 0683ms total)
T33328 1260:807 JLINK_ReadMemU32(0x400E0940, 0x0001 Items, ...) -- CPU_ReadMem(4 bytes @ 0x400E0940) - Data: 60 0A 5E 28  returns 0x01 (0001ms, 0684ms total)
T33328 1260:808 JLINK_ReadMemU32(0x400E0944, 0x0001 Items, ...) -- CPU_ReadMem(4 bytes @ 0x400E0944) - Data: 00 00 00 00  returns 0x01 (0000ms, 0684ms total)
T34ADC 1260:817 JLINK_IsHalted()  returns TRUE (0000ms, 0684ms total)
T34ADC 1260:817 JLINK_GetMOEs(...) -- CPU_ReadMem(4 bytes @ 0xE000ED30) -- CPU_WriteMem(4 bytes @ 0xE000ED30)  returns 0x01 (0000ms, 0684ms total)
T34ADC 1260:817 JLINK_ReadReg(R15 (PC))  returns 0x00082140 (0000ms, 0684ms total)
T33328 1260:849 JLINK_BeginDownload(Flags = 0x00) (0000ms, 0684ms total)
T33328 1260:849 JLINK_WriteMem(0x00080000, 0x67E4 Bytes, ...) - Data: 48 32 07 20 71 30 08 00 69 30 08 00 69 30 08 00 ...  returns 0x67E4 (0001ms, 0685ms total)
T33328 1260:850 JLINK_WriteMem(0x000867E4, 0x0008 Bytes, ...) - Data: 04 FC FF 7F 01 00 00 00  returns 0x08 (0000ms, 0685ms total)
T33328 1260:850 JLINK_WriteMem(0x000867EC, 0x0C6C Bytes, ...) - Data: 03 00 00 00 1E 00 00 00 03 00 00 00 1E 01 00 00 ...  returns 0xC6C (0000ms, 0685ms total)
T33328 1260:929 JLINK_EndDownload() -- -------------------------------------- -- Start of determining dirty areas in flash cache -- End of determining dirty areas -- Start of preparing flash programming -- Calculating RAM usage -- RAM usage = 3892 Bytes -- Preserving CPU registers -- Preparing memory -- Determining CPU clock frequency -- CPU clock frequency: 3907 kHz -- CPU frequency = 3907 kHz -- Preparing target -- Downloading RAMCode -- Checking target RAM -- Preparing RAMCode
 -- End of preparing flash programmingCPU is running at low speed (3907 kHz). -- CPU is running at 3907 kHz. -- Start of comparing flash -- Read back was estimated as fastest method -- Comparing range 0x80000 - 0x874FF (117 Sectors, 29 KB), using multi-block CRC calculation -- CPU is running -- CPU_ReadMem(256 bytes @ 0x00080000) -- CPU is running -- CPU_ReadMem(256 bytes @ 0x00080100) -- CPU is running -- CPU_ReadMem(256 bytes @ 0x00080200) -- CPU is running -- CPU_ReadMem(256 bytes @ 0x00080300)
 -- CPU is running -- CPU_ReadMem(256 bytes @ 0x00080400) -- CPU is running -- CPU_ReadMem(256 bytes @ 0x00080500) -- CPU is running -- CPU_ReadMem(256 bytes @ 0x00080600) -- CPU is running -- CPU_ReadMem(256 bytes @ 0x00080700) -- CPU is running -- CPU_ReadMem(256 bytes @ 0x00080800) -- CPU is running -- CPU_ReadMem(256 bytes @ 0x00080900) -- CPU is running -- CPU_ReadMem(256 bytes @ 0x00080A00) -- CPU is running -- CPU_ReadMem(256 bytes @ 0x00080B00) -- CPU is running
 -- CPU_ReadMem(256 bytes @ 0x00080C00) -- CPU is running -- CPU_ReadMem(256 bytes @ 0x00080D00) -- CPU is running -- CPU_ReadMem(256 bytes @ 0x00080E00) -- CPU is running -- CPU_ReadMem(256 bytes @ 0x00080F00) -- CPU is running -- CPU_ReadMem(256 bytes @ 0x00081000) -- CPU is running -- CPU_ReadMem(256 bytes @ 0x00081100) -- CPU is running -- CPU_ReadMem(256 bytes @ 0x00081200) -- CPU is running -- CPU_ReadMem(256 bytes @ 0x00081300) -- CPU is running -- CPU_ReadMem(256 bytes @ 0x00081400)
 -- CPU is running -- CPU_ReadMem(256 bytes @ 0x00081500) -- CPU is running -- CPU_ReadMem(256 bytes @ 0x00081600) -- CPU is running -- CPU_ReadMem(256 bytes @ 0x00081700) -- CPU is running -- CPU_ReadMem(256 bytes @ 0x00081800) -- CPU is running -- CPU_ReadMem(256 bytes @ 0x00081900) -- CPU is running -- CPU_ReadMem(256 bytes @ 0x00081A00) -- CPU is running -- CPU_ReadMem(256 bytes @ 0x00081B00) -- CPU is running -- CPU_ReadMem(256 bytes @ 0x00081C00) -- CPU is running
 -- CPU_ReadMem(256 bytes @ 0x00081D00) -- CPU is running -- CPU_ReadMem(256 bytes @ 0x00081E00) -- CPU is running -- CPU_ReadMem(256 bytes @ 0x00081F00) -- CPU is running -- CPU_ReadMem(256 bytes @ 0x00082000) -- CPU is running -- CPU_ReadMem(256 bytes @ 0x00082100) -- CPU is running -- CPU_ReadMem(256 bytes @ 0x00082200) -- CPU is running -- CPU_ReadMem(256 bytes @ 0x00082300) -- CPU is running -- CPU_ReadMem(256 bytes @ 0x00082400) -- CPU is running -- CPU_ReadMem(256 bytes @ 0x00082500)
 -- CPU is running -- CPU_ReadMem(256 bytes @ 0x00082600) -- CPU is running -- CPU_ReadMem(256 bytes @ 0x00082700) -- CPU is running -- CPU_ReadMem(256 bytes @ 0x00082800) -- CPU is running -- CPU_ReadMem(256 bytes @ 0x00082900) -- CPU is running -- CPU_ReadMem(256 bytes @ 0x00082A00) -- CPU is running -- CPU_ReadMem(256 bytes @ 0x00082B00) -- CPU is running -- CPU_ReadMem(256 bytes @ 0x00082C00) -- CPU is running -- CPU_ReadMem(256 bytes @ 0x00082D00) -- CPU is running
 -- CPU_ReadMem(256 bytes @ 0x00082E00) -- CPU is running -- CPU_ReadMem(256 bytes @ 0x00082F00) -- CPU is running -- CPU_ReadMem(256 bytes @ 0x00083000) -- CPU is running -- CPU_ReadMem(256 bytes @ 0x00083100) -- CPU is running -- CPU_ReadMem(256 bytes @ 0x00083200) -- CPU is running -- CPU_ReadMem(256 bytes @ 0x00083300) -- CPU is running -- CPU_ReadMem(256 bytes @ 0x00083400) -- CPU is running -- CPU_ReadMem(256 bytes @ 0x00083500) -- CPU is running -- CPU_ReadMem(256 bytes @ 0x00083600)
 -- CPU is running -- CPU_ReadMem(256 bytes @ 0x00083700) -- CPU is running -- CPU_ReadMem(256 bytes @ 0x00083800) -- CPU is running -- CPU_ReadMem(256 bytes @ 0x00083900) -- CPU is running -- CPU_ReadMem(256 bytes @ 0x00083A00) -- CPU is running -- CPU_ReadMem(256 bytes @ 0x00083B00) -- CPU is running -- CPU_ReadMem(256 bytes @ 0x00083C00) -- CPU is running -- CPU_ReadMem(256 bytes @ 0x00083D00) -- CPU is running -- CPU_ReadMem(256 bytes @ 0x00083E00) -- CPU is running
 -- CPU_ReadMem(256 bytes @ 0x00083F00) -- CPU is running -- CPU_ReadMem(256 bytes @ 0x00084000) -- CPU is running -- CPU_ReadMem(256 bytes @ 0x00084100) -- CPU is running -- CPU_ReadMem(256 bytes @ 0x00084200) -- CPU is running -- CPU_ReadMem(256 bytes @ 0x00084300) -- CPU is running -- CPU_ReadMem(256 bytes @ 0x00084400) -- CPU is running -- CPU_ReadMem(256 bytes @ 0x00084500) -- CPU is running -- CPU_ReadMem(256 bytes @ 0x00084600) -- CPU is running -- CPU_ReadMem(256 bytes @ 0x00084700)
 -- CPU is running -- CPU_ReadMem(256 bytes @ 0x00084800) -- CPU is running -- CPU_ReadMem(256 bytes @ 0x00084900) -- CPU is running -- CPU_ReadMem(256 bytes @ 0x00084A00) -- CPU is running -- CPU_ReadMem(256 bytes @ 0x00084B00) -- CPU is running -- CPU_ReadMem(256 bytes @ 0x00084C00) -- CPU is running -- CPU_ReadMem(256 bytes @ 0x00084D00) -- CPU is running -- CPU_ReadMem(256 bytes @ 0x00084E00) -- CPU is running -- CPU_ReadMem(256 bytes @ 0x00084F00) -- CPU is running
 -- CPU_ReadMem(256 bytes @ 0x00085000) -- CPU is running -- CPU_ReadMem(256 bytes @ 0x00085100) -- CPU is running -- CPU_ReadMem(256 bytes @ 0x00085200) -- CPU is running -- CPU_ReadMem(256 bytes @ 0x00085300) -- CPU is running -- CPU_ReadMem(256 bytes @ 0x00085400) -- CPU is running -- CPU_ReadMem(256 bytes @ 0x00085500) -- CPU is running -- CPU_ReadMem(256 bytes @ 0x00085600) -- CPU is running -- CPU_ReadMem(256 bytes @ 0x00085700) -- CPU is running -- CPU_ReadMem(256 bytes @ 0x00085800)
 -- CPU is running -- CPU_ReadMem(256 bytes @ 0x00085900) -- CPU is running -- CPU_ReadMem(256 bytes @ 0x00085A00) -- CPU is running -- CPU_ReadMem(256 bytes @ 0x00085B00) -- CPU is running -- CPU_ReadMem(256 bytes @ 0x00085C00) -- CPU is running -- CPU_ReadMem(256 bytes @ 0x00085D00) -- CPU is running -- CPU_ReadMem(256 bytes @ 0x00085E00) -- CPU is running -- CPU_ReadMem(256 bytes @ 0x00085F00) -- CPU is running -- CPU_ReadMem(256 bytes @ 0x00086000) -- CPU is running
 -- CPU_ReadMem(256 bytes @ 0x00086100) -- CPU is running -- CPU_ReadMem(256 bytes @ 0x00086200) -- CPU is running -- CPU_ReadMem(256 bytes @ 0x00086300) -- CPU is running -- CPU_ReadMem(256 bytes @ 0x00086400) -- CPU is running -- CPU_ReadMem(256 bytes @ 0x00086500) -- CPU is running -- CPU_ReadMem(256 bytes @ 0x00086600) -- CPU is running -- CPU_ReadMem(256 bytes @ 0x00086700) -- CPU is running -- CPU_ReadMem(256 bytes @ 0x00086800) -- CPU is running -- CPU_ReadMem(256 bytes @ 0x00086900)
 -- CPU is running -- CPU_ReadMem(256 bytes @ 0x00086A00) -- CPU is running -- CPU_ReadMem(256 bytes @ 0x00086B00) -- CPU is running -- CPU_ReadMem(256 bytes @ 0x00086C00) -- CPU is running -- CPU_ReadMem(256 bytes @ 0x00086D00) -- CPU is running -- CPU_ReadMem(256 bytes @ 0x00086E00) -- CPU is running -- CPU_ReadMem(256 bytes @ 0x00086F00) -- CPU is running -- CPU_ReadMem(256 bytes @ 0x00087000) -- CPU is running -- CPU_ReadMem(256 bytes @ 0x00087100) -- CPU is running
 -- CPU_ReadMem(256 bytes @ 0x00087200) -- CPU is running -- CPU_ReadMem(256 bytes @ 0x00087300) -- CPU is running -- CPU_ReadMem(256 bytes @ 0x00087400) -- CRC does not match for sectors 0-116 -- End of comparing flash -- Start of erasing sectors -- Erasing range 0x00080000 - 0x00081FFF (032 Sectors, 8 KB) -- Erasing range 0x00082000 - 0x00083FFF (032 Sectors, 8 KB) -- Erasing range 0x00084000 - 0x00085FFF (032 Sectors, 8 KB) -- Erasing range 0x00086000 - 0x000861FF (002 Sectors, 512 Bytes)
 -- End of erasing sectors -- Start of flash programming -- Programming range 0x00080000 - 0x00081FFF (032 Sectors, 8 KB) -- Programming range 0x00082000 - 0x00083FFF (032 Sectors, 8 KB) -- Programming range 0x00084000 - 0x00085FFF (032 Sectors, 8 KB) -- Programming range 0x00086000 - 0x000874FF (021 Sectors, 5 KB) -- End of flash programming -- 0x80000 - 0x874FF (117 Sectors, 29 KB) -- Start of verifying flash -- Checksum calculation was estimated as fastest method -- End of verifying flash
 -- Start of restoring -- Restore RAMCode -- Restore content of target memory -- Restore target -- Restore memory -- Restoring CPU registers -- End of restoring -- Flash programming performed for 1 range (29952 bytes) -- Total time needed: 0.859s (Prepare: 0.062s, Compare: 0.261s, Erase: 0.000s, Program: 0.513s, Verify: 0.017s, Restore: 0.003s)  returns 0x7500 (0861ms, 1546ms total)
T34ADC 1261:791 JLINK_IsHalted()  returns TRUE (0000ms, 1546ms total)
T33824 1261:792 JLINK_EMU_GetList(InterfaceMask = 0x00000001, MaxInfos = 0x00000032) [0]: USB, S/N: 29425026  returns 0x01 (0000ms, 1546ms total)
T34B5C 1261:903 JLINK_Halt()  returns 0x00 (0000ms, 1546ms total)
T34B5C 1261:903 JLINK_ReadReg(R15 (PC))  returns 0x00082140 (0000ms, 1546ms total)
T34B5C 1261:903 JLINK_ReadReg(R13 (SP))  returns 0x20073050 (0000ms, 1546ms total)
T34B5C 1261:907 JLINK_ReadMemHW(0x00082140, 0x0004 Bytes, ...) -- CPU_ReadMem(4 bytes @ 0x00082140) - Data: 23 F0 00 BF  returns 0x00 (0001ms, 1547ms total)
T34B5C 1261:908 JLINK_ReadReg(R0)  returns 0x400E1A00 (0000ms, 1547ms total)
T34B5C 1261:908 JLINK_ReadReg(R1)  returns 0x400E1A00 (0000ms, 1547ms total)
T34B5C 1261:908 JLINK_ReadReg(R2)  returns 0xA5000004 (0000ms, 1547ms total)
T34B5C 1261:908 JLINK_ReadReg(R3)  returns 0x20073314 (0000ms, 1547ms total)
T34B5C 1261:908 JLINK_ReadReg(R4)  returns 0x005A5500 (0000ms, 1547ms total)
T34B5C 1261:908 JLINK_ReadReg(R5)  returns 0x1C42840D (0000ms, 1547ms total)
T34B5C 1261:908 JLINK_ReadReg(R6)  returns 0x5A5500A0 (0000ms, 1547ms total)
T34B5C 1261:908 JLINK_ReadReg(R7)  returns 0x20072FBC (0000ms, 1547ms total)
T34B5C 1261:908 JLINK_ReadReg(R8)  returns 0x0880B001 (0000ms, 1547ms total)
T34B5C 1261:908 JLINK_ReadReg(R9)  returns 0x02511664 (0000ms, 1547ms total)
T34B5C 1261:908 JLINK_ReadReg(R10)  returns 0x1D880002 (0000ms, 1547ms total)
T34B5C 1261:908 JLINK_ReadReg(R11)  returns 0xD004408D (0000ms, 1547ms total)
T34B5C 1261:908 JLINK_ReadReg(R12)  returns 0x20C60887 (0000ms, 1547ms total)
T34B5C 1261:909 JLINK_ReadReg(R13 (SP))  returns 0x20073050 (0000ms, 1547ms total)
T34B5C 1261:909 JLINK_ReadReg(R14)  returns 0xFFFFFFFF (0000ms, 1547ms total)
T34B5C 1261:909 JLINK_ReadReg(R15 (PC))  returns 0x00082140 (0000ms, 1547ms total)
T34B5C 1261:909 JLINK_ReadReg(XPSR)  returns 0x01000000 (0000ms, 1547ms total)
T34B5C 1261:909 JLINK_ReadReg(MSP)  returns 0x20073050 (0000ms, 1547ms total)
T34B5C 1261:909 JLINK_ReadReg(PSP)  returns 0xC9834900 (0000ms, 1547ms total)
T34B5C 1261:909 JLINK_ReadReg(PRIMASK)  returns 0x00000000 (0000ms, 1547ms total)
T34B5C 1261:909 JLINK_ReadReg(BASEPRI)  returns 0x00000000 (0000ms, 1547ms total)
T34B5C 1261:909 JLINK_ReadReg(FAULTMASK)  returns 0x00000000 (0000ms, 1547ms total)
T34B5C 1261:909 JLINK_ReadReg(CONTROL)  returns 0x00000000 (0000ms, 1547ms total)
T34B5C 1261:909 JLINK_ReadMemHW(0x00082140, 0x0002 Bytes, ...) -- CPU_ReadMem(2 bytes @ 0x00082140) - Data: 23 F0  returns 0x00 (0000ms, 1547ms total)
T34B5C 1261:962 JLINK_ReadReg(R0)  returns 0x400E1A00 (0000ms, 1547ms total)
T34B5C 1261:962 JLINK_ReadReg(R1)  returns 0x400E1A00 (0000ms, 1547ms total)
T34B5C 1261:962 JLINK_ReadReg(R2)  returns 0xA5000004 (0000ms, 1547ms total)
T34B5C 1261:962 JLINK_ReadReg(R3)  returns 0x20073314 (0000ms, 1547ms total)
T34B5C 1261:962 JLINK_ReadReg(R4)  returns 0x005A5500 (0000ms, 1547ms total)
T34B5C 1261:962 JLINK_ReadReg(R5)  returns 0x1C42840D (0000ms, 1547ms total)
T34B5C 1261:962 JLINK_ReadReg(R6)  returns 0x5A5500A0 (0000ms, 1547ms total)
T34B5C 1261:962 JLINK_ReadReg(R7)  returns 0x20072FBC (0000ms, 1547ms total)
T34B5C 1261:962 JLINK_ReadReg(R8)  returns 0x0880B001 (0000ms, 1547ms total)
T34B5C 1261:962 JLINK_ReadReg(R9)  returns 0x02511664 (0000ms, 1547ms total)
T34B5C 1261:962 JLINK_ReadReg(R10)  returns 0x1D880002 (0000ms, 1547ms total)
T34B5C 1261:962 JLINK_ReadReg(R11)  returns 0xD004408D (0000ms, 1547ms total)
T34B5C 1261:962 JLINK_ReadReg(R12)  returns 0x20C60887 (0000ms, 1547ms total)
T34B5C 1261:962 JLINK_ReadReg(R13 (SP))  returns 0x20073050 (0000ms, 1547ms total)
T34B5C 1261:962 JLINK_ReadReg(R14)  returns 0xFFFFFFFF (0000ms, 1547ms total)
T34B5C 1261:962 JLINK_ReadReg(R15 (PC))  returns 0x00082140 (0000ms, 1547ms total)
T34B5C 1261:962 JLINK_ReadReg(XPSR)  returns 0x01000000 (0000ms, 1547ms total)
T34B5C 1261:962 JLINK_ReadReg(MSP)  returns 0x20073050 (0000ms, 1547ms total)
T34B5C 1261:962 JLINK_ReadReg(PSP)  returns 0xC9834900 (0000ms, 1547ms total)
T34B5C 1261:962 JLINK_ReadReg(PRIMASK)  returns 0x00000000 (0000ms, 1547ms total)
T34B5C 1261:962 JLINK_ReadReg(BASEPRI)  returns 0x00000000 (0000ms, 1547ms total)
T34B5C 1261:962 JLINK_ReadReg(FAULTMASK)  returns 0x00000000 (0000ms, 1547ms total)
T34B5C 1261:962 JLINK_ReadReg(CONTROL)  returns 0x00000000 (0000ms, 1547ms total)
T34B5C 1261:963 JLINK_ReadMemHW(0x00082140, 0x0004 Bytes, ...) -- CPU_ReadMem(4 bytes @ 0x00082140) - Data: 23 F0 00 BF  returns 0x00 (0000ms, 1547ms total)
T34ADC 1261:991 JLINK_IsHalted()  returns TRUE (0000ms, 1547ms total)
T34B5C 1262:016 JLINK_ReadMemHW(0x0008021C, 0x0002 Bytes, ...) -- CPU_ReadMem(2 bytes @ 0x0008021C) - Data: 7B 68  returns 0x00 (0001ms, 1548ms total)
T34B5C 1262:018 JLINK_ReadMemHW(0x000802DA, 0x0002 Bytes, ...) -- CPU_ReadMem(2 bytes @ 0x000802DA) - Data: 51 4B  returns 0x00 (0000ms, 1548ms total)
T33328 1262:019 JLINK_GetNumBPUnits(Type = 0xFFFFFF02)  returns 0x06 (0000ms, 1548ms total)
T33328 1262:019 JLINK_SetBPEx(Addr = 0x000802DA, Type = 0xFFFFFFF2)  returns 0x00000001 (0000ms, 1548ms total)
T33328 1262:019 JLINK_GetBPInfo(BPHandle = 1)  returns 0x00 (0000ms, 1548ms total)
T34B5C 1262:157 JLINK_ReadMemHW(0x00081C92, 0x0002 Bytes, ...) -- CPU_ReadMem(2 bytes @ 0x00081C92) - Data: 28 4B  returns 0x00 (0000ms, 1548ms total)
T34B5C 1262:157 JLINK_ReadMemHW(0x00081D34, 0x0004 Bytes, ...) -- CPU_ReadMem(4 bytes @ 0x00081D34) - Data: E4 0C 07 20  returns 0x00 (0001ms, 1549ms total)
T34B5C 1262:158 JLINK_ReadMemHW(0x00081CEE, 0x0002 Bytes, ...) -- CPU_ReadMem(2 bytes @ 0x00081CEE) - Data: 00 21  returns 0x00 (0000ms, 1549ms total)
T33328 1262:159 JLINK_SetBPEx(Addr = 0x00081CEE, Type = 0xFFFFFFF2)  returns 0x00000002 (0000ms, 1549ms total)
T33328 1262:159 JLINK_GetBPInfo(BPHandle = 2)  returns 0x00 (0000ms, 1549ms total)
T34B5C 1262:181 JLINK_Reset() -- CPU_ReadMem(16 bytes @ 0x20000000) -- CPU_WriteMem(16 bytes @ 0x20000000) -- CPU_ReadMem(4 bytes @ 0xE000EDFC) -- CPU_WriteMem(4 bytes @ 0xE000EDFC) -- CPU_ReadMem(4 bytes @ 0xE0001000) -- CPU_WriteMem(4 bytes @ 0xE000ED0C) -- CPU_ReadMem(4 bytes @ 0xE000EDF0) -- CPU_ReadMem(4 bytes @ 0xE000EDF0) -- CPU_WriteMem(4 bytes @ 0xE000EDFC) -- CPU_WriteMem(16 bytes @ 0x20000000) -- CPU_WriteMem(4 bytes @ 0xE0002000) -- CPU_ReadMem(4 bytes @ 0xE000EDFC)
 -- CPU_ReadMem(4 bytes @ 0xE0001000) (0020ms, 1569ms total)
T34ADC 1262:201 JLINK_IsHalted()  returns TRUE (0000ms, 1569ms total)
T34ADC 1262:201 JLINK_GetMOEs(...) -- CPU_ReadMem(4 bytes @ 0xE000ED30) -- CPU_WriteMem(4 bytes @ 0xE000ED30)  returns 0x01 (0000ms, 1569ms total)
T34ADC 1262:201 JLINK_ReadReg(R15 (PC))  returns 0x00083070 (0000ms, 1569ms total)
T34B5C 1262:211 JLINK_ReadReg(R15 (PC))  returns 0x00083070 (0000ms, 1569ms total)
T34B5C 1262:211 JLINK_ReadReg(R13 (SP))  returns 0x20073248 (0000ms, 1569ms total)
T34B5C 1262:242 JLINK_ReadMemHW(0x00083070, 0x0004 Bytes, ...) -- CPU_ReadMem(4 bytes @ 0x00083070) - Data: 80 B5 82 B0  returns 0x00 (0000ms, 1569ms total)
T34B5C 1262:289 JLINK_ReadMemHW(0x00081D5C, 0x0001 Bytes, ...) -- CPU_ReadMem(1 bytes @ 0x00081D5C) - Data: 90  returns 0x00 (0000ms, 1569ms total)
T34B5C 1262:322 JLINK_ReadReg(R15 (PC))  returns 0x00083070 (0000ms, 1569ms total)
T34B5C 1262:322 JLINK_SetBPEx(Addr = 0x00081D5C, Type = 0xFFFFFF02)  returns 0x00000003 (0000ms, 1569ms total)
T34B5C 1262:322 JLINK_GetBPInfo(BPHandle = 3)  returns 0x00 (0000ms, 1569ms total)
T34B5C 1262:322 JLINK_Go() -- CPU_ReadMem(4 bytes @ 0xE0001000) -- CPU_WriteMem(4 bytes @ 0xE0002008) -- CPU_WriteMem(4 bytes @ 0xE000200C) -- CPU_WriteMem(4 bytes @ 0xE0002010) -- CPU_WriteMem(4 bytes @ 0xE0002014) -- CPU_WriteMem(4 bytes @ 0xE0002018) -- CPU_WriteMem(4 bytes @ 0xE000201C) -- CPU_WriteMem(4 bytes @ 0xE0001004) (0002ms, 1571ms total)
T34ADC 1262:324 JLINK_IsHalted()  returns FALSE (0000ms, 1571ms total)
T34ADC 1262:345 JLINK_IsHalted()  returns TRUE (0002ms, 1573ms total)
T34ADC 1262:347 JLINK_GetMOEs(...) -- CPU_ReadMem(4 bytes @ 0xE000ED30) -- CPU_WriteMem(4 bytes @ 0xE000ED30)  returns 0x01 (0000ms, 1571ms total)
T34ADC 1262:347 JLINK_ReadReg(R15 (PC))  returns 0x00081D5C (0000ms, 1571ms total)
T34ADC 1262:347 JLINK_WriteU32(0xE000EDFC, 0x01000000) -- CPU_WriteMem(4 bytes @ 0xE000EDFC)  returns 0x00 (0001ms, 1572ms total)
T34ADC 1262:348 JLINK_ReadMem (0xE0001000, 0x0004 Bytes, ...) -- CPU_ReadMem(4 bytes @ 0xE0001000) - Data: 01 00 00 40  returns 0x00 (0000ms, 1572ms total)
T34ADC 1262:348 JLINK_WriteU32(0xE0001000, 0x40000001)  returns 0x00 (0000ms, 1572ms total)
T34ADC 1262:348 JLINK_WriteU32(0xE0001028, 0x00000100)  returns 0x00 (0000ms, 1572ms total)
T34ADC 1262:348 JLINK_ReadMem (0xE0001028, 0x0004 Bytes, ...) -- CPU_WriteMem(4 bytes @ 0xE0001028) -- CPU_ReadMem(4 bytes @ 0xE0001028) - Data: 00 00 00 00  returns 0x00 (0001ms, 1573ms total)
T34ADC 1262:349 JLINK_WriteU32(0xE0001024, 0x0000001F)  returns 0x00 (0000ms, 1573ms total)
T34ADC 1262:349 JLINK_ReadMem (0xE0001024, 0x0004 Bytes, ...) -- CPU_WriteMem(4 bytes @ 0xE0001024) -- CPU_ReadMem(4 bytes @ 0xE0001024) - Data: 0F 00 00 00  returns 0x00 (0000ms, 1573ms total)
T34ADC 1262:349 JLINK_WriteU32(0xE0001038, 0x00000100)  returns 0x00 (0000ms, 1573ms total)
T34ADC 1262:349 JLINK_ReadMem (0xE0001038, 0x0004 Bytes, ...) -- CPU_WriteMem(4 bytes @ 0xE0001038) -- CPU_ReadMem(4 bytes @ 0xE0001038) - Data: 00 03 00 00  returns 0x00 (0000ms, 1573ms total)
T34ADC 1262:349 JLINK_WriteU32(0xE0001034, 0x0000001F)  returns 0x00 (0000ms, 1573ms total)
T34ADC 1262:350 JLINK_ReadMem (0xE0001034, 0x0004 Bytes, ...) -- CPU_WriteMem(4 bytes @ 0xE0001034) -- CPU_ReadMem(4 bytes @ 0xE0001034) - Data: 0F 00 00 00  returns 0x00 (0000ms, 1574ms total)
T34ADC 1262:350 JLINK_WriteU32(0xE0001048, 0x00000100)  returns 0x00 (0000ms, 1574ms total)
T34ADC 1262:350 JLINK_ReadMem (0xE0001048, 0x0004 Bytes, ...) -- CPU_WriteMem(4 bytes @ 0xE0001048) -- CPU_ReadMem(4 bytes @ 0xE0001048) - Data: 00 00 00 00  returns 0x00 (0001ms, 1575ms total)
T34ADC 1262:351 JLINK_WriteU32(0xE0001044, 0x0000001F)  returns 0x00 (0000ms, 1575ms total)
T34ADC 1262:351 JLINK_ReadMem (0xE0001044, 0x0004 Bytes, ...) -- CPU_WriteMem(4 bytes @ 0xE0001044) -- CPU_ReadMem(4 bytes @ 0xE0001044) - Data: 0F 00 00 00  returns 0x00 (0000ms, 1575ms total)
T34ADC 1262:351 JLINK_WriteU32(0xE0001058, 0x00000100)  returns 0x00 (0000ms, 1575ms total)
T34ADC 1262:351 JLINK_ReadMem (0xE0001058, 0x0004 Bytes, ...) -- CPU_WriteMem(4 bytes @ 0xE0001058) -- CPU_ReadMem(4 bytes @ 0xE0001058) - Data: 00 00 00 00  returns 0x00 (0001ms, 1576ms total)
T34ADC 1262:352 JLINK_WriteU32(0xE0001054, 0x0000001F)  returns 0x00 (0000ms, 1576ms total)
T34ADC 1262:352 JLINK_ReadMem (0xE0001054, 0x0004 Bytes, ...) -- CPU_WriteMem(4 bytes @ 0xE0001054) -- CPU_ReadMem(4 bytes @ 0xE0001054) - Data: 0F 00 00 00  returns 0x00 (0000ms, 1576ms total)
T34ADC 1262:352 JLINK_WriteU32(0xE0001020, 0x00000000)  returns 0x00 (0000ms, 1576ms total)
T34ADC 1262:352 JLINK_WriteU32(0xE0001024, 0x00000000)  returns 0x00 (0000ms, 1576ms total)
T34ADC 1262:352 JLINK_WriteU32(0xE0001028, 0x00000000)  returns 0x00 (0000ms, 1576ms total)
T34ADC 1262:352 JLINK_WriteU32(0xE0001030, 0x00000000)  returns 0x00 (0000ms, 1576ms total)
T34ADC 1262:352 JLINK_WriteU32(0xE0001034, 0x00000000)  returns 0x00 (0000ms, 1576ms total)
T34ADC 1262:352 JLINK_WriteU32(0xE0001038, 0x00000000)  returns 0x00 (0000ms, 1576ms total)
T34ADC 1262:352 JLINK_WriteU32(0xE0001040, 0x00000000)  returns 0x00 (0000ms, 1576ms total)
T34ADC 1262:352 JLINK_WriteU32(0xE0001044, 0x00000000)  returns 0x00 (0000ms, 1576ms total)
T34ADC 1262:352 JLINK_WriteU32(0xE0001048, 0x00000000)  returns 0x00 (0000ms, 1576ms total)
T34ADC 1262:352 JLINK_WriteU32(0xE0001050, 0x00000000)  returns 0x00 (0000ms, 1576ms total)
T34ADC 1262:352 JLINK_WriteU32(0xE0001054, 0x00000000)  returns 0x00 (0000ms, 1576ms total)
T34ADC 1262:352 JLINK_WriteU32(0xE0001058, 0x00000000)  returns 0x00 (0000ms, 1576ms total)
T34ADC 1262:352 JLINK_GetBPInfo(BPHandle = 3)  returns 0x00 (0000ms, 1576ms total)
T34ADC 1262:352 JLINK_ClrBPEx(BPHandle = 0x00000003)  returns 0x00 (0000ms, 1576ms total)
T34B5C 1262:356 JLINK_ReadReg(R15 (PC))  returns 0x00081D5C (0000ms, 1576ms total)
T34B5C 1262:356 JLINK_ReadReg(R13 (SP))  returns 0x20073238 (0000ms, 1576ms total)
T34B5C 1262:356 JLINK_ReadMemHW(0x00081D5C, 0x0004 Bytes, ...) -- CPU_ReadMem(4 bytes @ 0x00081D5C) - Data: 90 B5 85 B0  returns 0x00 (0000ms, 1576ms total)
T34ADC 1262:553 JLINK_IsHalted()  returns TRUE (0000ms, 1576ms total)
T34ADC 1262:753 JLINK_IsHalted()  returns TRUE (0000ms, 1576ms total)
T33328 1262:919 JLINK_ReadMem (0x40000000, 0x0294 Bytes, ...) -- CPU_ReadMem(660 bytes @ 0x40000000) - Data: 00 00 00 00 00 00 00 00 00 00 00 00 00 00 00 00 ...  returns 0x00 (0004ms, 1580ms total)
T33328 1262:925 JLINK_ReadMem (0x40000000, 0x0294 Bytes, ...) -- CPU_ReadMem(660 bytes @ 0x40000000) - Data: 00 00 00 00 00 00 00 00 00 00 00 00 00 00 00 00 ...  returns 0x00 (0004ms, 1584ms total)
T33328 1262:947 JLINK_ReadMem (0x40000294, 0x00EC Bytes, ...) -- CPU_ReadMem(236 bytes @ 0x40000294) - Data: 00 00 00 00 00 00 00 00 00 00 00 00 00 00 00 00 ...  returns 0x00 (0002ms, 1586ms total)
T34ADC 1262:955 JLINK_IsHalted()  returns TRUE (0000ms, 1586ms total)
T33824 1263:103 JLINK_EMU_GetList(InterfaceMask = 0x00000001, MaxInfos = 0x00000032) [0]: USB, S/N: 29425026  returns 0x01 (0000ms, 1586ms total)
T34ADC 1263:156 JLINK_IsHalted()  returns TRUE (0000ms, 1586ms total)
T34ADC 1263:356 JLINK_IsHalted()  returns TRUE (0000ms, 1586ms total)
T34ADC 1263:557 JLINK_IsHalted()  returns TRUE (0000ms, 1586ms total)
T34ADC 1263:757 JLINK_IsHalted()  returns TRUE (0000ms, 1586ms total)
T34ADC 1263:957 JLINK_IsHalted()  returns TRUE (0000ms, 1586ms total)
T34ADC 1264:157 JLINK_IsHalted()  returns TRUE (0000ms, 1586ms total)
T34ADC 1264:358 JLINK_IsHalted()  returns TRUE (0000ms, 1586ms total)
T33824 1264:421 JLINK_EMU_GetList(InterfaceMask = 0x00000001, MaxInfos = 0x00000032) [0]: USB, S/N: 29425026  returns 0x01 (0000ms, 1586ms total)
T34ADC 1264:559 JLINK_IsHalted()  returns TRUE (0000ms, 1586ms total)
T34ADC 1264:759 JLINK_IsHalted()  returns TRUE (0000ms, 1586ms total)
T34ADC 1264:960 JLINK_IsHalted()  returns TRUE (0000ms, 1586ms total)
T34ADC 1265:160 JLINK_IsHalted()  returns TRUE (0000ms, 1586ms total)
T34ADC 1265:360 JLINK_IsHalted()  returns TRUE (0000ms, 1586ms total)
T34ADC 1265:560 JLINK_IsHalted()  returns TRUE (0000ms, 1586ms total)
T33824 1265:736 JLINK_EMU_GetList(InterfaceMask = 0x00000001, MaxInfos = 0x00000032) [0]: USB, S/N: 29425026  returns 0x01 (0001ms, 1587ms total)
T34ADC 1265:761 JLINK_IsHalted()  returns TRUE (0000ms, 1587ms total)
T34ADC 1265:961 JLINK_IsHalted()  returns TRUE (0000ms, 1587ms total)
T34ADC 1266:161 JLINK_IsHalted()  returns TRUE (0000ms, 1587ms total)
T34ADC 1266:362 JLINK_IsHalted()  returns TRUE (0000ms, 1587ms total)
T34ADC 1266:562 JLINK_IsHalted()  returns TRUE (0000ms, 1587ms total)
T34ADC 1266:763 JLINK_IsHalted()  returns TRUE (0000ms, 1587ms total)
T34ADC 1266:963 JLINK_IsHalted()  returns TRUE (0000ms, 1587ms total)
T33824 1267:054 JLINK_EMU_GetList(InterfaceMask = 0x00000001, MaxInfos = 0x00000032) [0]: USB, S/N: 29425026  returns 0x01 (0000ms, 1587ms total)
T34ADC 1267:164 JLINK_IsHalted()  returns TRUE (0000ms, 1587ms total)
T34ADC 1267:365 JLINK_IsHalted()  returns TRUE (0000ms, 1587ms total)
T34ADC 1267:565 JLINK_IsHalted()  returns TRUE (0000ms, 1587ms total)
T34ADC 1267:766 JLINK_IsHalted()  returns TRUE (0000ms, 1587ms total)
T34ADC 1267:966 JLINK_IsHalted()  returns TRUE (0000ms, 1587ms total)
T34ADC 1268:166 JLINK_IsHalted()  returns TRUE (0000ms, 1587ms total)
T34ADC 1268:367 JLINK_IsHalted()  returns TRUE (0000ms, 1587ms total)
T33824 1268:372 JLINK_EMU_GetList(InterfaceMask = 0x00000001, MaxInfos = 0x00000032) [0]: USB, S/N: 29425026  returns 0x01 (0001ms, 1588ms total)
T34ADC 1268:568 JLINK_IsHalted()  returns TRUE (0000ms, 1588ms total)
T34ADC 1268:769 JLINK_IsHalted()  returns TRUE (0000ms, 1588ms total)
T34ADC 1268:969 JLINK_IsHalted()  returns TRUE (0000ms, 1588ms total)
T34ADC 1269:169 JLINK_IsHalted()  returns TRUE (0000ms, 1588ms total)
T34ADC 1269:370 JLINK_IsHalted()  returns TRUE (0000ms, 1588ms total)
T34ADC 1269:571 JLINK_IsHalted()  returns TRUE (0000ms, 1588ms total)
T33824 1269:690 JLINK_EMU_GetList(InterfaceMask = 0x00000001, MaxInfos = 0x00000032) [0]: USB, S/N: 29425026  returns 0x01 (0000ms, 1588ms total)
T34ADC 1269:772 JLINK_IsHalted()  returns TRUE (0000ms, 1588ms total)
T34ADC 1269:972 JLINK_IsHalted()  returns TRUE (0000ms, 1588ms total)
T34ADC 1270:173 JLINK_IsHalted()  returns TRUE (0000ms, 1588ms total)
T34ADC 1270:374 JLINK_IsHalted()  returns TRUE (0000ms, 1588ms total)
T34ADC 1270:574 JLINK_IsHalted()  returns TRUE (0000ms, 1588ms total)
T34ADC 1270:775 JLINK_IsHalted()  returns TRUE (0000ms, 1588ms total)
T34ADC 1270:975 JLINK_IsHalted()  returns TRUE (0000ms, 1588ms total)
T33824 1271:008 JLINK_EMU_GetList(InterfaceMask = 0x00000001, MaxInfos = 0x00000032) [0]: USB, S/N: 29425026  returns 0x01 (0000ms, 1588ms total)
T34ADC 1271:176 JLINK_IsHalted()  returns TRUE (0000ms, 1588ms total)
T34ADC 1271:376 JLINK_IsHalted()  returns TRUE (0000ms, 1588ms total)
T34ADC 1271:576 JLINK_IsHalted()  returns TRUE (0000ms, 1588ms total)
T34ADC 1271:777 JLINK_IsHalted()  returns TRUE (0000ms, 1588ms total)
T34ADC 1271:977 JLINK_IsHalted()  returns ERROR (0020ms, 1608ms total)
T34ADC 1271:997 JLINK_ExecCommand("ProjectFile = D:\GITHUB\Renalyx-Treat\Renalyx_DM1\CPU3\jlink.config", ...)  returns 0x00 (0003ms, 1591ms total)
T33824 1272:324 JLINK_EMU_GetList(InterfaceMask = 0x00000001, MaxInfos = 0x00000032) [0]: USB, S/N: 29425026  returns 0x01 (0001ms, 1592ms total)
T34ADC 1273:368 JLINK_ExecCommand("Device = AT91SAM3X8E", ...)Device "ATSAM3X8E" selected.  returns 0x00 (0004ms, 1596ms total)
T34ADC 1273:372 JLINK_TIF_Select(JLINKARM_TIF_JTAG)  returns 0x00 (0000ms, 1596ms total)
T34ADC 1273:372 JLINK_GetIdData(...) ScanLen=4 NumDevices=1 aId[0]=0x4BA00477 aIrRead[0]=0 aScanLen[0]=0 aScanRead[0]=0 (0000ms, 1596ms total)
T34ADC 1273:372 JLINK_ConfigJTAG(IRPre = 0, DRPre = 0) (0000ms, 1596ms total)
T34ADC 1273:372 JLINK_SetSpeed(4000) (0000ms, 1596ms total)
T34ADC 1273:372 JLINK_ResetPullsRESET(OFF) (0000ms, 1596ms total)
T34ADC 1273:372 JLINK_Connect()  returns 0xFFFFFEFD (0000ms, 1596ms total)
T33824 1273:642 JLINK_EMU_GetList(InterfaceMask = 0x00000001, MaxInfos = 0x00000032) [0]: USB, S/N: 29425026  returns 0x01 (0001ms, 1597ms total)
T34ADC 1273:775 JLINK_IsHalted()  returns ERROR (0000ms, 1597ms total)
T34ADC 1273:775 JLINK_ExecCommand("ProjectFile = D:\GITHUB\Renalyx-Treat\Renalyx_DM1\CPU3\jlink.config", ...)  returns 0x00 (0004ms, 1601ms total)
T33824 1274:960 JLINK_EMU_GetList(InterfaceMask = 0x00000001, MaxInfos = 0x00000032) [0]: USB, S/N: 29425026  returns 0x01 (0000ms, 1601ms total)
T34ADC 1275:510 JLINK_ExecCommand("Device = AT91SAM3X8E", ...)Device "ATSAM3X8E" selected.  returns 0x00 (0004ms, 1605ms total)
T34ADC 1275:514 JLINK_TIF_Select(JLINKARM_TIF_JTAG)  returns 0x00 (0000ms, 1605ms total)
T34ADC 1275:514 JLINK_GetIdData(...) (0000ms, 1605ms total)
T34ADC 1275:514 JLINK_ConfigJTAG(IRPre = 0, DRPre = 0) (0000ms, 1605ms total)
T34ADC 1275:514 JLINK_SetSpeed(4000) (0001ms, 1606ms total)
T34ADC 1275:515 JLINK_ResetPullsRESET(OFF) (0000ms, 1606ms total)
T34ADC 1275:515 JLINK_Connect()  returns 0xFFFFFEFD (0000ms, 1606ms total)
T34ADC 1275:915 JLINK_IsHalted()  returns ERROR (0000ms, 1606ms total)
T34ADC 1275:915 JLINK_ExecCommand("ProjectFile = D:\GITHUB\Renalyx-Treat\Renalyx_DM1\CPU3\jlink.config", ...)  returns 0x00 (0004ms, 1610ms total)
T33824 1276:272 JLINK_EMU_GetList(InterfaceMask = 0x00000001, MaxInfos = 0x00000032) [0]: USB, S/N: 29425026  returns 0x01 (0000ms, 1610ms total)
T34ADC 1277:493 JLINK_ExecCommand("Device = AT91SAM3X8E", ...)Device "ATSAM3X8E" selected.  returns 0x00 (0003ms, 1613ms total)
T34ADC 1277:496 JLINK_TIF_Select(JLINKARM_TIF_JTAG)  returns 0x00 (0000ms, 1613ms total)
T34ADC 1277:496 JLINK_GetIdData(...) (0001ms, 1614ms total)
T34ADC 1277:497 JLINK_ConfigJTAG(IRPre = 0, DRPre = 0) (0000ms, 1614ms total)
T34ADC 1277:497 JLINK_SetSpeed(4000) (0000ms, 1614ms total)
T34ADC 1277:497 JLINK_ResetPullsRESET(OFF) (0000ms, 1614ms total)
T34ADC 1277:497 JLINK_Connect()  returns 0xFFFFFEFD (0000ms, 1614ms total)
T33824 1277:589 JLINK_EMU_GetList(InterfaceMask = 0x00000001, MaxInfos = 0x00000032) [0]: USB, S/N: 29425026  returns 0x01 (0000ms, 1614ms total)
T34ADC 1277:897 JLINK_IsHalted()  returns ERROR (0000ms, 1614ms total)
T34ADC 1277:897 JLINK_ExecCommand("ProjectFile = D:\GITHUB\Renalyx-Treat\Renalyx_DM1\CPU3\jlink.config", ...)  returns 0x00 (0004ms, 1618ms total)
T33824 1278:908 JLINK_EMU_GetList(InterfaceMask = 0x00000001, MaxInfos = 0x00000032) [0]: USB, S/N: 29425026  returns 0x01 (0000ms, 1618ms total)
T34ADC 1279:442 JLINK_ExecCommand("Device = AT91SAM3X8E", ...)Device "ATSAM3X8E" selected.  returns 0x00 (0003ms, 1622ms total)
T34ADC 1279:446 JLINK_TIF_Select(JLINKARM_TIF_JTAG)  returns 0x00 (0000ms, 1622ms total)
T34ADC 1279:446 JLINK_GetIdData(...) (0001ms, 1623ms total)
T34ADC 1279:447 JLINK_ConfigJTAG(IRPre = 0, DRPre = 0) (0000ms, 1623ms total)
T34ADC 1279:447 JLINK_SetSpeed(4000) (0000ms, 1623ms total)
T34ADC 1279:447 JLINK_ResetPullsRESET(OFF) (0000ms, 1623ms total)
T34ADC 1279:447 JLINK_Connect()  returns 0xFFFFFEFD (0000ms, 1623ms total)
T34ADC 1279:848 JLINK_IsHalted()  returns ERROR (0000ms, 1623ms total)
T34ADC 1279:848 JLINK_ExecCommand("ProjectFile = D:\GITHUB\Renalyx-Treat\Renalyx_DM1\CPU3\jlink.config", ...)  returns 0x00 (0004ms, 1627ms total)
T33824 1280:225 JLINK_EMU_GetList(InterfaceMask = 0x00000001, MaxInfos = 0x00000032) [0]: USB, S/N: 29425026  returns 0x01 (0001ms, 1628ms total)
T34ADC 1281:493 JLINK_ExecCommand("Device = AT91SAM3X8E", ...)Device "ATSAM3X8E" selected.  returns 0x00 (0003ms, 1631ms total)
T34ADC 1281:496 JLINK_TIF_Select(JLINKARM_TIF_JTAG)  returns 0x00 (0000ms, 1631ms total)
T34ADC 1281:496 JLINK_GetIdData(...) (0000ms, 1631ms total)
T34ADC 1281:496 JLINK_ConfigJTAG(IRPre = 0, DRPre = 0) (0000ms, 1631ms total)
T34ADC 1281:496 JLINK_SetSpeed(4000) (0001ms, 1632ms total)
T34ADC 1281:497 JLINK_ResetPullsRESET(OFF) (0000ms, 1632ms total)
T34ADC 1281:497 JLINK_Connect()  returns 0xFFFFFEFD (0000ms, 1632ms total)
T33824 1281:543 JLINK_EMU_GetList(InterfaceMask = 0x00000001, MaxInfos = 0x00000032) [0]: USB, S/N: 29425026  returns 0x01 (0000ms, 1632ms total)
T34ADC 1281:898 JLINK_IsHalted()  returns ERROR (0000ms, 1632ms total)
T34ADC 1281:898 JLINK_ExecCommand("ProjectFile = D:\GITHUB\Renalyx-Treat\Renalyx_DM1\CPU3\jlink.config", ...)  returns 0x00 (0003ms, 1635ms total)
T33824 1282:861 JLINK_EMU_GetList(InterfaceMask = 0x00000001, MaxInfos = 0x00000032) [0]: USB, S/N: 29425026  returns 0x01 (0000ms, 1635ms total)
T34ADC 1283:293 JLINK_ExecCommand("Device = AT91SAM3X8E", ...)Device "ATSAM3X8E" selected.  returns 0x00 (0003ms, 1638ms total)
T34ADC 1283:296 JLINK_TIF_Select(JLINKARM_TIF_JTAG)  returns 0x00 (0000ms, 1638ms total)
T34ADC 1283:296 JLINK_GetIdData(...) (0000ms, 1638ms total)
T34ADC 1283:296 JLINK_ConfigJTAG(IRPre = 0, DRPre = 0) (0000ms, 1638ms total)
T34ADC 1283:296 JLINK_SetSpeed(4000) (0000ms, 1638ms total)
T34ADC 1283:296 JLINK_ResetPullsRESET(OFF) (0000ms, 1638ms total)
T34ADC 1283:296 JLINK_Connect()  returns 0xFFFFFEFD (0000ms, 1638ms total)
T34ADC 1283:698 JLINK_IsHalted()  returns ERROR (0000ms, 1639ms total)
T34ADC 1283:698 JLINK_ExecCommand("ProjectFile = D:\GITHUB\Renalyx-Treat\Renalyx_DM1\CPU3\jlink.config", ...)  returns 0x00 (0004ms, 1643ms total)
T33824 1284:173 JLINK_EMU_GetList(InterfaceMask = 0x00000001, MaxInfos = 0x00000032) [0]: USB, S/N: 29425026  returns 0x01 (0000ms, 1643ms total)
T34ADC 1284:967 JLINK_ExecCommand("Device = AT91SAM3X8E", ...)Device "ATSAM3X8E" selected.  returns 0x00 (0003ms, 1647ms total)
T34ADC 1284:971 JLINK_TIF_Select(JLINKARM_TIF_JTAG)  returns 0x00 (0000ms, 1647ms total)
T34ADC 1284:971 JLINK_GetIdData(...) (0000ms, 1647ms total)
T34ADC 1284:971 JLINK_ConfigJTAG(IRPre = 0, DRPre = 0) (0000ms, 1647ms total)
T34ADC 1284:971 JLINK_SetSpeed(4000) (0000ms, 1647ms total)
T34ADC 1284:971 JLINK_ResetPullsRESET(OFF) (0001ms, 1648ms total)
T34ADC 1284:972 JLINK_Connect()  returns 0xFFFFFEFD (0000ms, 1648ms total)
T34ADC 1285:372 JLINK_IsHalted()  returns ERROR (0000ms, 1648ms total)
T34ADC 1285:372 JLINK_ExecCommand("ProjectFile = D:\GITHUB\Renalyx-Treat\Renalyx_DM1\CPU3\jlink.config", ...)  returns 0x00 (0004ms, 1652ms total)
T33824 1285:491 JLINK_EMU_GetList(InterfaceMask = 0x00000001, MaxInfos = 0x00000032) [0]: USB, S/N: 29425026  returns 0x01 (0001ms, 1653ms total)
T33824 1286:807 JLINK_EMU_GetList(InterfaceMask = 0x00000001, MaxInfos = 0x00000032) [0]: USB, S/N: 29425026  returns 0x01 (0001ms, 1654ms total)
T34ADC 1286:976 JLINK_ExecCommand("Device = AT91SAM3X8E", ...)Device "ATSAM3X8E" selected.  returns 0x00 (0003ms, 1657ms total)
T34ADC 1286:979 JLINK_TIF_Select(JLINKARM_TIF_JTAG)  returns 0x00 (0000ms, 1657ms total)
T34ADC 1286:979 JLINK_GetIdData(...) (0001ms, 1658ms total)
T34ADC 1286:980 JLINK_ConfigJTAG(IRPre = 0, DRPre = 0) (0000ms, 1658ms total)
T34ADC 1286:980 JLINK_SetSpeed(4000) (0000ms, 1658ms total)
T34ADC 1286:980 JLINK_ResetPullsRESET(OFF) (0000ms, 1658ms total)
T34ADC 1286:980 JLINK_Connect()  returns 0xFFFFFEFD (0000ms, 1658ms total)
T34ADC 1287:381 JLINK_IsHalted()  returns ERROR (0000ms, 1658ms total)
T34ADC 1287:381 JLINK_ExecCommand("ProjectFile = D:\GITHUB\Renalyx-Treat\Renalyx_DM1\CPU3\jlink.config", ...)  returns 0x00 (0004ms, 1662ms total)
T33824 1288:126 JLINK_EMU_GetList(InterfaceMask = 0x00000001, MaxInfos = 0x00000032) [0]: USB, S/N: 29425026  returns 0x01 (0000ms, 1662ms total)
T34ADC 1288:900 JLINK_ExecCommand("Device = AT91SAM3X8E", ...)Device "ATSAM3X8E" selected.  returns 0x00 (0004ms, 1666ms total)
T34ADC 1288:904 JLINK_TIF_Select(JLINKARM_TIF_JTAG)  returns 0x00 (0000ms, 1666ms total)
T34ADC 1288:904 JLINK_GetIdData(...) (0000ms, 1666ms total)
T34ADC 1288:904 JLINK_ConfigJTAG(IRPre = 0, DRPre = 0) (0000ms, 1666ms total)
T34ADC 1288:904 JLINK_SetSpeed(4000) (0000ms, 1666ms total)
T34ADC 1288:904 JLINK_ResetPullsRESET(OFF) (0000ms, 1666ms total)
T34ADC 1288:904 JLINK_Connect()  returns 0xFFFFFEFD (0001ms, 1667ms total)
T34ADC 1289:305 JLINK_IsHalted()  returns ERROR (0000ms, 1667ms total)
T34ADC 1289:305 JLINK_ExecCommand("ProjectFile = D:\GITHUB\Renalyx-Treat\Renalyx_DM1\CPU3\jlink.config", ...)  returns 0x00 (0002ms, 1669ms total)
T33824 1289:445 JLINK_EMU_GetList(InterfaceMask = 0x00000001, MaxInfos = 0x00000032) [0]: USB, S/N: 29425026  returns 0x01 (0001ms, 1670ms total)
T34ADC 1290:617 JLINK_ExecCommand("Device = AT91SAM3X8E", ...)Device "ATSAM3X8E" selected.  returns 0x00 (0003ms, 1673ms total)
T34ADC 1290:620 JLINK_TIF_Select(JLINKARM_TIF_JTAG)  returns 0x00 (0000ms, 1673ms total)
T34ADC 1290:620 JLINK_GetIdData(...) (0001ms, 1674ms total)
T34ADC 1290:621 JLINK_ConfigJTAG(IRPre = 0, DRPre = 0) (0000ms, 1674ms total)
T34ADC 1290:621 JLINK_SetSpeed(4000) (0000ms, 1674ms total)
T34ADC 1290:621 JLINK_ResetPullsRESET(OFF) (0000ms, 1674ms total)
T34ADC 1290:621 JLINK_Connect()  returns 0xFFFFFEFD (0000ms, 1674ms total)
T33824 1290:763 JLINK_EMU_GetList(InterfaceMask = 0x00000001, MaxInfos = 0x00000032) [0]: USB, S/N: 29425026  returns 0x01 (0000ms, 1674ms total)
T34ADC 1291:021 JLINK_IsHalted()  returns ERROR (0000ms, 1674ms total)
T34ADC 1291:021 JLINK_ExecCommand("ProjectFile = D:\GITHUB\Renalyx-Treat\Renalyx_DM1\CPU3\jlink.config", ...)  returns 0x00 (0004ms, 1678ms total)
T33824 1292:083 JLINK_EMU_GetList(InterfaceMask = 0x00000001, MaxInfos = 0x00000032) [0]: USB, S/N: 29425026  returns 0x01 (0000ms, 1678ms total)
T34ADC 1292:642 JLINK_ExecCommand("Device = AT91SAM3X8E", ...)Device "ATSAM3X8E" selected.  returns 0x00 (0003ms, 1681ms total)
T34ADC 1292:645 JLINK_TIF_Select(JLINKARM_TIF_JTAG)  returns 0x00 (0000ms, 1681ms total)
T34ADC 1292:645 JLINK_GetIdData(...) (0000ms, 1681ms total)
T34ADC 1292:645 JLINK_ConfigJTAG(IRPre = 0, DRPre = 0) (0000ms, 1681ms total)
T34ADC 1292:645 JLINK_SetSpeed(4000) (0000ms, 1681ms total)
T34ADC 1292:645 JLINK_ResetPullsRESET(OFF) (0000ms, 1681ms total)
T34ADC 1292:645 JLINK_Connect()  returns 0xFFFFFEFD (0001ms, 1682ms total)
T34ADC 1293:047 JLINK_IsHalted()  returns ERROR (0000ms, 1682ms total)
T34ADC 1293:047 JLINK_ExecCommand("ProjectFile = D:\GITHUB\Renalyx-Treat\Renalyx_DM1\CPU3\jlink.config", ...)  returns 0x00 (0004ms, 1686ms total)
T33824 1293:400 JLINK_EMU_GetList(InterfaceMask = 0x00000001, MaxInfos = 0x00000032) [0]: USB, S/N: 29425026  returns 0x01 (0000ms, 1686ms total)
T34ADC 1294:350 JLINK_ExecCommand("Device = AT91SAM3X8E", ...)Device "ATSAM3X8E" selected.  returns 0x00 (0004ms, 1690ms total)
T34ADC 1294:354 JLINK_TIF_Select(JLINKARM_TIF_JTAG)  returns 0x00 (0000ms, 1690ms total)
T34ADC 1294:354 JLINK_GetIdData(...) (0000ms, 1690ms total)
T34ADC 1294:354 JLINK_ConfigJTAG(IRPre = 0, DRPre = 0) (0000ms, 1690ms total)
T34ADC 1294:354 JLINK_SetSpeed(4000) (0001ms, 1691ms total)
T34ADC 1294:355 JLINK_ResetPullsRESET(OFF) (0000ms, 1691ms total)
T34ADC 1294:355 JLINK_Connect()  returns 0xFFFFFEFD (0000ms, 1691ms total)
T33824 1294:718 JLINK_EMU_GetList(InterfaceMask = 0x00000001, MaxInfos = 0x00000032) [0]: USB, S/N: 29425026  returns 0x01 (0000ms, 1691ms total)
T34ADC 1294:755 JLINK_IsHalted()  returns ERROR (0000ms, 1691ms total)
T34ADC 1294:755 JLINK_ExecCommand("ProjectFile = D:\GITHUB\Renalyx-Treat\Renalyx_DM1\CPU3\jlink.config", ...)  returns 0x00 (0004ms, 1695ms total)
T33824 1296:035 JLINK_EMU_GetList(InterfaceMask = 0x00000001, MaxInfos = 0x00000032) [0]: USB, S/N: 29425026  returns 0x01 (0001ms, 1696ms total)
T34ADC 1296:532 JLINK_ExecCommand("Device = AT91SAM3X8E", ...)Device "ATSAM3X8E" selected.  returns 0x00 (0003ms, 1699ms total)
T34ADC 1296:535 JLINK_TIF_Select(JLINKARM_TIF_JTAG)  returns 0x00 (0000ms, 1699ms total)
T34ADC 1296:535 JLINK_GetIdData(...) (0001ms, 1700ms total)
T34ADC 1296:536 JLINK_ConfigJTAG(IRPre = 0, DRPre = 0) (0000ms, 1700ms total)
T34ADC 1296:536 JLINK_SetSpeed(4000) (0000ms, 1700ms total)
T34ADC 1296:536 JLINK_ResetPullsRESET(OFF) (0000ms, 1700ms total)
T34ADC 1296:536 JLINK_Connect()  returns 0xFFFFFEFD (0000ms, 1700ms total)
T34ADC 1296:937 JLINK_IsHalted()  returns ERROR (0000ms, 1700ms total)
T34ADC 1296:937 JLINK_ExecCommand("ProjectFile = D:\GITHUB\Renalyx-Treat\Renalyx_DM1\CPU3\jlink.config", ...)  returns 0x00 (0004ms, 1704ms total)
T33824 1297:353 JLINK_EMU_GetList(InterfaceMask = 0x00000001, MaxInfos = 0x00000032) [0]: USB, S/N: 29425026  returns 0x01 (0002ms, 1706ms total)
T34ADC 1298:400 JLINK_ExecCommand("Device = AT91SAM3X8E", ...)Device "ATSAM3X8E" selected.  returns 0x00 (0003ms, 1709ms total)
T34ADC 1298:403 JLINK_TIF_Select(JLINKARM_TIF_JTAG)  returns 0x00 (0000ms, 1709ms total)
T34ADC 1298:403 JLINK_GetIdData(...) (0001ms, 1710ms total)
T34ADC 1298:404 JLINK_ConfigJTAG(IRPre = 0, DRPre = 0) (0000ms, 1710ms total)
T34ADC 1298:404 JLINK_SetSpeed(4000) (0000ms, 1710ms total)
T34ADC 1298:404 JLINK_ResetPullsRESET(OFF) (0000ms, 1710ms total)
T34ADC 1298:404 JLINK_Connect()  returns 0xFFFFFEFD (0000ms, 1710ms total)
T33824 1298:673 JLINK_EMU_GetList(InterfaceMask = 0x00000001, MaxInfos = 0x00000032) [0]: USB, S/N: 29425026  returns 0x01 (0000ms, 1710ms total)
T34ADC 1298:804 JLINK_IsHalted()  returns ERROR (0000ms, 1710ms total)
T34ADC 1298:804 JLINK_ExecCommand("ProjectFile = D:\GITHUB\Renalyx-Treat\Renalyx_DM1\CPU3\jlink.config", ...)  returns 0x00 (0004ms, 1714ms total)
T33824 1299:989 JLINK_EMU_GetList(InterfaceMask = 0x00000001, MaxInfos = 0x00000032) [0]: USB, S/N: 29425026  returns 0x01 (0000ms, 1714ms total)
T34ADC 1300:341 JLINK_ExecCommand("Device = AT91SAM3X8E", ...)Device "ATSAM3X8E" selected.  returns 0x00 (0003ms, 1717ms total)
T34ADC 1300:344 JLINK_TIF_Select(JLINKARM_TIF_JTAG)  returns 0x00 (0001ms, 1718ms total)
T34ADC 1300:345 JLINK_GetIdData(...) (0000ms, 1718ms total)
T34ADC 1300:345 JLINK_ConfigJTAG(IRPre = 0, DRPre = 0) (0000ms, 1718ms total)
T34ADC 1300:345 JLINK_SetSpeed(4000) (0000ms, 1718ms total)
T34ADC 1300:345 JLINK_ResetPullsRESET(OFF) (0000ms, 1718ms total)
T34ADC 1300:345 JLINK_Connect()  returns 0xFFFFFEFD (0000ms, 1718ms total)
T34ADC 1300:746 JLINK_IsHalted()  returns ERROR (0000ms, 1718ms total)
T34ADC 1300:746 JLINK_ExecCommand("ProjectFile = D:\GITHUB\Renalyx-Treat\Renalyx_DM1\CPU3\jlink.config", ...)  returns 0x00 (0004ms, 1722ms total)
T33824 1301:304 JLINK_EMU_GetList(InterfaceMask = 0x00000001, MaxInfos = 0x00000032) [0]: USB, S/N: 29425026  returns 0x01 (0026ms, 1748ms total)
T34ADC 1302:350 JLINK_ExecCommand("Device = AT91SAM3X8E", ...)Device "ATSAM3X8E" selected.  returns 0x00 (0003ms, 1751ms total)
T34ADC 1302:353 JLINK_TIF_Select(JLINKARM_TIF_JTAG)  returns 0x00 (0000ms, 1751ms total)
T34ADC 1302:353 JLINK_GetIdData(...) >0x2F8 JTAG>TotalIRLen = 4, IRPrint = 0x01 >0x30 JTAG> >0x210 JTAG> >0x70 JTAG> >0x48 JTAG> >0x40 JTAG> >0x48 JTAG> >0x78 JTAG> >0x40 JTAG> >0x30 JTAG> >0x40 JTAG> >0x40 JTAG> >0x30 JTAG> >0x40 JTAG> >0x48 JTAG>Found Cortex-M3 r2p0, Little endian. -- CPU_ReadMem(4 bytes @ 0xE000EDF0) -- CPU_WriteMem(4 bytes @ 0xE000EDF0) -- CPU_ReadMem(4 bytes @ 0xE0002000)FPUnit: 6 code (BP) slots and 2 literal slots -- CPU_WriteMem(4 bytes @ 0xE0001000)
 -- CPU_ReadMem(4 bytes @ 0xE0001000) -- CPU_ReadMem(4 bytes @ 0xE000ED88) -- CPU_WriteMem(4 bytes @ 0xE000ED88) -- CPU_ReadMem(4 bytes @ 0xE000ED88) -- CPU_WriteMem(4 bytes @ 0xE000ED88)CoreSight components:ROMTbl 0 @ E00FF000 -- CPU_ReadMem(16 bytes @ 0xE00FF000) -- CPU_ReadMem(16 bytes @ 0xE000EFF0) -- CPU_ReadMem(16 bytes @ 0xE000EFE0)ROMTbl 0 [0]: FFF0F000, CID: B105E00D, PID: 002BB000 SCS -- CPU_WriteMem(4 bytes @ 0xE0001000) -- CPU_WriteMem(4 bytes @ 0xE0001020)
 -- CPU_WriteMem(4 bytes @ 0xE0001030) -- CPU_WriteMem(4 bytes @ 0xE0001040) -- CPU_WriteMem(4 bytes @ 0xE0001050) -- CPU_WriteMem(4 bytes @ 0xE0001024) -- CPU_WriteMem(4 bytes @ 0xE0001034) -- CPU_WriteMem(4 bytes @ 0xE0001044) -- CPU_WriteMem(4 bytes @ 0xE0001054) -- CPU_WriteMem(4 bytes @ 0xE0001028) -- CPU_WriteMem(4 bytes @ 0xE0001038) -- CPU_WriteMem(4 bytes @ 0xE0001048) -- CPU_WriteMem(4 bytes @ 0xE0001058) -- CPU_ReadMem(16 bytes @ 0xE0001FF0) -- CPU_ReadMem(16 bytes @ 0xE0001FE0)
ROMTbl 0 [1]: FFF02000, CID: 40000000, PID: 40000000 ??? -- CPU_ReadMem(16 bytes @ 0xE0002FF0) -- CPU_ReadMem(16 bytes @ 0xE0002FE0)ROMTbl 0 [2]: FFF03000, CID: B105E00D, PID: 002BB003 FPB -- CPU_ReadMem(16 bytes @ 0xE0000FF0) -- CPU_ReadMem(16 bytes @ 0xE0000FE0)ROMTbl 0 [3]: FFF01000, CID: 00000000, PID: 00000000 ??? -- CPU_ReadMem(16 bytes @ 0xE00FF010) -- CPU_ReadMem(16 bytes @ 0xE0040FF0) -- CPU_ReadMem(16 bytes @ 0xE0040FE0)ROMTbl 0 [4]: FFF41000, CID: 00000000, PID: 00000000 ??? ScanLen=4
 NumDevices=1 aId[0]=0x4BA00477 aIrRead[0]=0 aScanLen[0]=0 aScanRead[0]=0 (0016ms, 1767ms total)
T34ADC 1302:369 JLINK_ConfigJTAG(IRPre = 0, DRPre = 0) (0002ms, 1769ms total)
T34ADC 1302:371 JLINK_SetSpeed(4000) (0000ms, 1769ms total)
T34ADC 1302:371 JLINK_ResetPullsRESET(OFF) (0000ms, 1769ms total)
T34ADC 1302:371 JLINK_Connect() >0x2F8 JTAG>TotalIRLen = 4, IRPrint = 0x01 >0x30 JTAG> >0x210 JTAG> >0x70 JTAG> >0x48 JTAG> >0x40 JTAG> >0x48 JTAG> >0x78 JTAG> >0x40 JTAG> >0x30 JTAG> >0x40 JTAG> >0x40 JTAG> >0x30 JTAG> >0x40 JTAG> >0x48 JTAG>Found Cortex-M3 r2p0, Little endian. -- CPU_ReadMem(4 bytes @ 0xE000EDF0) -- CPU_ReadMem(4 bytes @ 0xE0002000)FPUnit: 6 code (BP) slots and 2 literal slots -- CPU_ReadMem(4 bytes @ 0xE000EDFC) -- CPU_WriteMem(4 bytes @ 0xE000EDFC)
 -- CPU_ReadMem(4 bytes @ 0xE0001000) -- CPU_WriteMem(4 bytes @ 0xE0001000) -- CPU_ReadMem(4 bytes @ 0xE000ED88) -- CPU_WriteMem(4 bytes @ 0xE000ED88) -- CPU_ReadMem(4 bytes @ 0xE000ED88) -- CPU_WriteMem(4 bytes @ 0xE000ED88)CoreSight components:ROMTbl 0 @ E00FF000 -- CPU_ReadMem(16 bytes @ 0xE00FF000) -- CPU_ReadMem(16 bytes @ 0xE000EFF0) -- CPU_ReadMem(16 bytes @ 0xE000EFE0)ROMTbl 0 [0]: FFF0F000, CID: B105E00D, PID: 002BB000 SCS -- CPU_ReadMem(16 bytes @ 0xE0001FF0)
 -- CPU_ReadMem(16 bytes @ 0xE0001FE0)ROMTbl 0 [1]: FFF02000, CID: B105E00D, PID: 002BB002 DWT -- CPU_ReadMem(16 bytes @ 0xE0002FF0) -- CPU_ReadMem(16 bytes @ 0xE0002FE0)ROMTbl 0 [2]: FFF03000, CID: B105E00D, PID: 002BB003 FPB -- CPU_ReadMem(16 bytes @ 0xE0000FF0) -- CPU_ReadMem(16 bytes @ 0xE0000FE0)ROMTbl 0 [3]: FFF01000, CID: B105E00D, PID: 002BB001 ITM -- CPU_ReadMem(16 bytes @ 0xE00FF010) -- CPU_ReadMem(16 bytes @ 0xE0040FF0) -- CPU_ReadMem(16 bytes @ 0xE0040FE0)
ROMTbl 0 [4]: FFF41000, CID: B105900D, PID: 002BB923 TPIU-Lite  returns 0x00 (0013ms, 1782ms total)
T34ADC 1302:384 JLINK_Halt()  returns 0x00 (0003ms, 1785ms total)
T34ADC 1302:587 JLINK_IsHalted()  returns TRUE (0000ms, 1785ms total)
T33824 1302:648 JLINK_EMU_GetList(InterfaceMask = 0x00000001, MaxInfos = 0x00000032) [0]: USB, S/N: 29425026  returns 0x01 (0000ms, 1785ms total)
T34ADC 1302:787 JLINK_IsHalted()  returns TRUE (0000ms, 1785ms total)
T34ADC 1302:987 JLINK_IsHalted()  returns TRUE (0000ms, 1785ms total)
T34ADC 1303:187 JLINK_IsHalted()  returns TRUE (0000ms, 1785ms total)
T34ADC 1303:388 JLINK_IsHalted()  returns TRUE (0000ms, 1785ms total)
T34ADC 1303:589 JLINK_IsHalted()  returns TRUE (0000ms, 1785ms total)
T34ADC 1303:789 JLINK_IsHalted()  returns TRUE (0000ms, 1785ms total)
T33824 1303:966 JLINK_EMU_GetList(InterfaceMask = 0x00000001, MaxInfos = 0x00000032) [0]: USB, S/N: 29425026  returns 0x01 (0001ms, 1786ms total)
T34ADC 1303:990 JLINK_IsHalted()  returns TRUE (0000ms, 1786ms total)
T34ADC 1304:190 JLINK_IsHalted()  returns TRUE (0000ms, 1786ms total)
T34ADC 1304:391 JLINK_IsHalted()  returns TRUE (0000ms, 1786ms total)
T33328 1304:428 JLINK_GetBPInfo(BPHandle = 1)  returns 0x00 (0000ms, 1786ms total)
T33328 1304:428 JLINK_ClrBPEx(BPHandle = 0x00000001)  returns 0x00 (0000ms, 1786ms total)
T33328 1304:429 JLINK_GetBPInfo(BPHandle = 2)  returns 0x00 (0000ms, 1786ms total)
T33328 1304:429 JLINK_ClrBPEx(BPHandle = 0x00000002)  returns 0x00 (0000ms, 1786ms total)
T34ADC 1304:591 JLINK_IsHalted()  returns TRUE (0000ms, 1786ms total)
T33328 1304:592 JLINK_ResetPullsRESET(ON) (0000ms, 1786ms total)
T33328 1304:592 JLINK_ResetNoHalt() >0x2F8 JTAG>TotalIRLen = 4, IRPrint = 0x01 >0x30 JTAG> >0x210 JTAG> >0x70 JTAG> >0x48 JTAG> >0x40 JTAG> >0x48 JTAG> >0x78 JTAG> >0x40 JTAG> >0x30 JTAG> >0x40 JTAG> >0x40 JTAG> >0x30 JTAG> >0x40 JTAG> >0x48 JTAG>Found Cortex-M3 r2p0, Little endian. -- CPU_ReadMem(4 bytes @ 0xE000EDF0) -- CPU_ReadMem(4 bytes @ 0xE0002000)FPUnit: 6 code (BP) slots and 2 literal slots -- CPU_ReadMem(4 bytes @ 0xE000EDFC) -- CPU_ReadMem(4 bytes @ 0xE0001000)
 -- CPU_ReadMem(4 bytes @ 0xE000ED88) -- CPU_WriteMem(4 bytes @ 0xE000ED88) -- CPU_ReadMem(4 bytes @ 0xE000ED88) -- CPU_WriteMem(4 bytes @ 0xE000ED88)CoreSight components:ROMTbl 0 @ E00FF000 -- CPU_ReadMem(16 bytes @ 0xE00FF000) -- CPU_ReadMem(16 bytes @ 0xE000EFF0) -- CPU_ReadMem(16 bytes @ 0xE000EFE0)ROMTbl 0 [0]: FFF0F000, CID: B105E00D, PID: 002BB000 SCS -- CPU_WriteMem(4 bytes @ 0xE0001000) -- CPU_ReadMem(16 bytes @ 0xE0001FF0) -- CPU_ReadMem(16 bytes @ 0xE0001FE0)
ROMTbl 0 [1]: FFF02000, CID: B105E00D, PID: 002BB002 DWT -- CPU_ReadMem(16 bytes @ 0xE0002FF0) -- CPU_ReadMem(16 bytes @ 0xE0002FE0)ROMTbl 0 [2]: FFF03000, CID: B105E00D, PID: 002BB003 FPB -- CPU_ReadMem(16 bytes @ 0xE0000FF0) -- CPU_ReadMem(16 bytes @ 0xE0000FE0)ROMTbl 0 [3]: FFF01000, CID: B105E00D, PID: 002BB001 ITM -- CPU_ReadMem(16 bytes @ 0xE00FF010) -- CPU_ReadMem(16 bytes @ 0xE0040FF0) -- CPU_ReadMem(16 bytes @ 0xE0040FE0)ROMTbl 0 [4]: FFF41000, CID: B105900D, PID: 002BB923 TPIU-Lite
                JLINK_Reset() -- CPU_ReadMem(16 bytes @ 0x20000000) -- CPU_WriteMem(16 bytes @ 0x20000000) -- CPU_ReadMem(4 bytes @ 0xE000EDFC) -- CPU_WriteMem(4 bytes @ 0xE000EDFC) -- CPU_ReadMem(4 bytes @ 0xE0001000) -- CPU_WriteMem(4 bytes @ 0xE000ED0C) -- CPU_ReadMem(4 bytes @ 0xE000EDF0) -- CPU_ReadMem(4 bytes @ 0xE000EDF0) -- CPU_WriteMem(4 bytes @ 0xE000EDFC) -- CPU_WriteMem(16 bytes @ 0x20000000) -- CPU_WriteMem(4 bytes @ 0xE0002000) -- CPU_ReadMem(4 bytes @ 0xE000EDFC)
 -- CPU_ReadMem(4 bytes @ 0xE0001000) (0020ms, 0020ms total)
                JLINK_Go() -- CPU_ReadMem(4 bytes @ 0xE0001000) -- CPU_WriteMem(4 bytes @ 0xE0002008) -- CPU_WriteMem(4 bytes @ 0xE000200C) -- CPU_WriteMem(4 bytes @ 0xE0002010) -- CPU_WriteMem(4 bytes @ 0xE0002014) -- CPU_WriteMem(4 bytes @ 0xE0002018) -- CPU_WriteMem(4 bytes @ 0xE000201C) -- CPU_WriteMem(4 bytes @ 0xE0001004) (0002ms, 0022ms total)
               (0039ms, 1825ms total)
T33328 1304:660 JLINK_Close() -- CPU is running -- CPU_WriteMem(4 bytes @ 0xE0002008) -- CPU is running -- CPU_WriteMem(4 bytes @ 0xE000200C) -- CPU is running -- CPU_WriteMem(4 bytes @ 0xE0002010) -- CPU is running -- CPU_WriteMem(4 bytes @ 0xE0002014) -- CPU is running -- CPU_WriteMem(4 bytes @ 0xE0002018) -- CPU is running -- CPU_WriteMem(4 bytes @ 0xE000201C) >0x78 JTAG> >0x08 JTAG> (0005ms, 1830ms total)
T33328 1304:660  (0005ms, 1830ms total)
T33328 1304:660 Closed (0005ms, 1830ms total)
